<?xml version="1.0" encoding="UTF-8"?>
<testng-results skipped="0" failed="0" ignored="0" total="9" passed="9">
  <reporter-output>
  </reporter-output>
  <suite name="Suite" duration-ms="159961" started-at="2022-06-09T17:30:11 IST" finished-at="2022-06-09T17:32:51 IST">
    <groups>
      <group name="cucumber">
        <method signature="AbstractTestNGCucumberTests.runScenario(io.cucumber.testng.PickleWrapper,io.cucumber.testng.FeatureWrapper)[pri:0, instance:TestRunner.Runner@4671e53b]" name="runScenario" class="io.cucumber.testng.AbstractTestNGCucumberTests"/>
      </group> <!-- cucumber -->
    </groups>
    <test name="Test" duration-ms="159961" started-at="2022-06-09T17:30:11 IST" finished-at="2022-06-09T17:32:51 IST">
      <class name="TestRunner.Runner">
        <test-method status="PASS" signature="setUpClass(org.testng.ITestContext)[pri:0, instance:TestRunner.Runner@4671e53b]" name="setUpClass" is-config="true" duration-ms="456" started-at="2022-06-09T17:30:11 IST" finished-at="2022-06-09T17:30:11 IST">
          <params>
            <param index="0">
              <value>
                <![CDATA[org.testng.TestRunner@6406b84d]]>
              </value>
            </param>
          </params>
          <reporter-output>
          </reporter-output>
        </test-method> <!-- setUpClass -->
        <test-method status="PASS" signature="runScenario(io.cucumber.testng.PickleWrapper,io.cucumber.testng.FeatureWrapper)[pri:0, instance:TestRunner.Runner@4671e53b]" name="runScenario" duration-ms="21032" started-at="2022-06-09T17:30:11 IST" description="Runs Cucumber Scenarios" data-provider="scenarios" finished-at="2022-06-09T17:30:32 IST">
          <params>
            <param index="0">
              <value>
                <![CDATA["Bill Pay"]]>
              </value>
            </param>
            <param index="1">
              <value>
                <![CDATA["Optional[Bill Pay]"]]>
              </value>
            </param>
          </params>
          <reporter-output>
          </reporter-output>
        </test-method> <!-- runScenario -->
        <test-method status="PASS" signature="runScenario(io.cucumber.testng.PickleWrapper,io.cucumber.testng.FeatureWrapper)[pri:0, instance:TestRunner.Runner@4671e53b]" name="runScenario" duration-ms="9243" started-at="2022-06-09T17:30:32 IST" description="Runs Cucumber Scenarios" data-provider="scenarios" finished-at="2022-06-09T17:30:42 IST">
          <params>
            <param index="0">
              <value>
                <![CDATA["Bill Pay Error Messages Validation"]]>
              </value>
            </param>
            <param index="1">
              <value>
                <![CDATA["Optional[Bill Pay]"]]>
              </value>
            </param>
          </params>
          <reporter-output>
          </reporter-output>
        </test-method> <!-- runScenario -->
        <test-method status="PASS" signature="runScenario(io.cucumber.testng.PickleWrapper,io.cucumber.testng.FeatureWrapper)[pri:0, instance:TestRunner.Runner@4671e53b]" name="runScenario" duration-ms="13109" started-at="2022-06-09T17:30:42 IST" description="Runs Cucumber Scenarios" data-provider="scenarios" finished-at="2022-06-09T17:30:55 IST">
          <params>
            <param index="0">
              <value>
                <![CDATA["Bill Pay - Verify Invalid and Mismatch error message"]]>
              </value>
            </param>
            <param index="1">
              <value>
                <![CDATA["Optional[Bill Pay]"]]>
              </value>
            </param>
          </params>
          <reporter-output>
          </reporter-output>
        </test-method> <!-- runScenario -->
        <test-method status="PASS" signature="runScenario(io.cucumber.testng.PickleWrapper,io.cucumber.testng.FeatureWrapper)[pri:0, instance:TestRunner.Runner@4671e53b]" name="runScenario" duration-ms="14574" started-at="2022-06-09T17:30:55 IST" description="Runs Cucumber Scenarios" data-provider="scenarios" finished-at="2022-06-09T17:31:09 IST">
          <params>
            <param index="0">
              <value>
                <![CDATA["UpdateContact Info"]]>
              </value>
            </param>
            <param index="1">
              <value>
                <![CDATA["Optional[UpdateContact]"]]>
              </value>
            </param>
          </params>
          <reporter-output>
          </reporter-output>
        </test-method> <!-- runScenario -->
        <test-method status="PASS" signature="runScenario(io.cucumber.testng.PickleWrapper,io.cucumber.testng.FeatureWrapper)[pri:0, instance:TestRunner.Runner@4671e53b]" name="runScenario" duration-ms="19591" started-at="2022-06-09T17:31:09 IST" description="Runs Cucumber Scenarios" data-provider="scenarios" finished-at="2022-06-09T17:31:29 IST">
          <params>
            <param index="0">
              <value>
                <![CDATA["UpdateContact Info -Error Msg validation"]]>
              </value>
            </param>
            <param index="1">
              <value>
                <![CDATA["Optional[UpdateContact]"]]>
              </value>
            </param>
          </params>
          <reporter-output>
          </reporter-output>
        </test-method> <!-- runScenario -->
        <test-method status="PASS" signature="runScenario(io.cucumber.testng.PickleWrapper,io.cucumber.testng.FeatureWrapper)[pri:0, instance:TestRunner.Runner@4671e53b]" name="runScenario" duration-ms="11012" started-at="2022-06-09T17:31:29 IST" description="Runs Cucumber Scenarios" data-provider="scenarios" finished-at="2022-06-09T17:31:40 IST">
          <params>
            <param index="0">
              <value>
                <![CDATA["Successful Login with Valid Credentials"]]>
              </value>
            </param>
            <param index="1">
              <value>
                <![CDATA["Optional[Login]"]]>
              </value>
            </param>
          </params>
          <reporter-output>
          </reporter-output>
        </test-method> <!-- runScenario -->
        <test-method status="PASS" signature="runScenario(io.cucumber.testng.PickleWrapper,io.cucumber.testng.FeatureWrapper)[pri:0, instance:TestRunner.Runner@4671e53b]" name="runScenario" duration-ms="25828" started-at="2022-06-09T17:31:40 IST" description="Runs Cucumber Scenarios" data-provider="scenarios" finished-at="2022-06-09T17:32:06 IST">
          <params>
            <param index="0">
              <value>
                <![CDATA["Open a New Account"]]>
              </value>
            </param>
            <param index="1">
              <value>
                <![CDATA["Optional[Openning  New Account]"]]>
              </value>
            </param>
          </params>
          <reporter-output>
          </reporter-output>
        </test-method> <!-- runScenario -->
        <test-method status="PASS" signature="runScenario(io.cucumber.testng.PickleWrapper,io.cucumber.testng.FeatureWrapper)[pri:0, instance:TestRunner.Runner@4671e53b]" name="runScenario" duration-ms="26007" started-at="2022-06-09T17:32:06 IST" description="Runs Cucumber Scenarios" data-provider="scenarios" finished-at="2022-06-09T17:32:32 IST">
          <params>
            <param index="0">
              <value>
                <![CDATA["Open a New Account"]]>
              </value>
            </param>
            <param index="1">
              <value>
                <![CDATA["Optional[Openning  New Account]"]]>
              </value>
            </param>
          </params>
          <reporter-output>
          </reporter-output>
        </test-method> <!-- runScenario -->
        <test-method status="PASS" signature="runScenario(io.cucumber.testng.PickleWrapper,io.cucumber.testng.FeatureWrapper)[pri:0, instance:TestRunner.Runner@4671e53b]" name="runScenario" duration-ms="18931" started-at="2022-06-09T17:32:32 IST" description="Runs Cucumber Scenarios" data-provider="scenarios" finished-at="2022-06-09T17:32:51 IST">
          <params>
            <param index="0">
              <value>
                <![CDATA["Transfer Fund from one account to another"]]>
              </value>
            </param>
            <param index="1">
              <value>
                <![CDATA["Optional[Transfer Fund]"]]>
              </value>
            </param>
          </params>
          <reporter-output>
          </reporter-output>
        </test-method> <!-- runScenario -->
        <test-method status="PASS" signature="tearDownClass()[pri:0, instance:TestRunner.Runner@4671e53b]" name="tearDownClass" is-config="true" duration-ms="137" started-at="2022-06-09T17:32:51 IST" finished-at="2022-06-09T17:32:51 IST">
          <reporter-output>
          </reporter-output>
        </test-method> <!-- tearDownClass -->
      </class> <!-- TestRunner.Runner -->
    </test> <!-- Test -->
  </suite> <!-- Suite -->
</testng-results>
